movement/build/intermediates/manifest_merge_blame_file/prodDebug/manifest-merger-blame-prod-debug-report.txt
1<?xml version="1.0" encoding="utf-8"?>
2<manifest xmlns:android="http://schemas.android.com/apk/res/android"
3    package="com.lenta.movement"
4    android:versionCode="2795"
5    android:versionName=".0.8d6479aa" >
6
7    <uses-sdk
8        android:minSdkVersion="21"
8-->src/main/AndroidManifest.xml
9        android:targetSdkVersion="28" />
9-->src/main/AndroidManifest.xml
10
11    <uses-permission android:name="android.permission.INTERNET" />
11-->[:Shared] AndroidManifest.xml:11:5-67
11-->[:Shared] AndroidManifest.xml:11:22-64
12    <uses-permission android:name="android.permission.ACCESS_NETWORK_STATE" />
12-->[:Shared] AndroidManifest.xml:12:5-79
12-->[:Shared] AndroidManifest.xml:12:22-76
13    <uses-permission android:name="android.permission.ACCESS_WIFI_STATE" />
13-->[:Shared] AndroidManifest.xml:13:5-76
13-->[:Shared] AndroidManifest.xml:13:22-73
14    <uses-permission android:name="android.permission.FOREGROUND_SERVICE" />
14-->[:Shared] AndroidManifest.xml:14:5-77
14-->[:Shared] AndroidManifest.xml:14:22-74
15    <uses-permission android:name="android.permission.WRITE_EXTERNAL_STORAGE" />
15-->[:Shared] AndroidManifest.xml:15:5-81
15-->[:Shared] AndroidManifest.xml:15:22-78
16    <uses-permission android:name="android.permission.VIBRATE" />
16-->[:Shared] AndroidManifest.xml:16:5-66
16-->[:Shared] AndroidManifest.xml:16:22-63
17    <uses-permission android:name="android.permission.READ_EXTERNAL_STORAGE" />
18    <uses-permission android:name="com.honeywell.decode.permission.DECODE" />
18-->[:HoneywellDataCollection] AndroidManifest.xml:11:5-78
18-->[:HoneywellDataCollection] AndroidManifest.xml:11:22-75
19
20    <application
20-->src/main/AndroidManifest.xml:5:5-32:19
21        android:name="com.lenta.movement.AndroidApplication"
21-->src/main/AndroidManifest.xml:6:9-43
22        android:allowBackup="false"
22-->src/main/AndroidManifest.xml:7:9-36
23        android:appComponentFactory="whateverString"
23-->src/main/AndroidManifest.xml:8:9-53
24        android:debuggable="true"
24-->[:HoneywellDataCollection] AndroidManifest.xml:15:9-35
25        android:icon="@mipmap/ic_launcher"
25-->src/main/AndroidManifest.xml:9:9-43
26        android:label="@string/app_name"
26-->src/main/AndroidManifest.xml:10:9-41
27        android:largeHeap="true"
27-->src/main/AndroidManifest.xml:11:9-33
28        android:roundIcon="@mipmap/ic_launcher_round"
28-->src/main/AndroidManifest.xml:12:9-54
29        android:supportsRtl="true"
29-->src/main/AndroidManifest.xml:13:9-35
30        android:testOnly="true"
31        android:theme="@style/AppTheme" >
31-->src/main/AndroidManifest.xml:14:9-40
32        <activity
32-->src/main/AndroidManifest.xml:19:9-28:20
33            android:name="com.lenta.movement.main.MainActivity"
33-->src/main/AndroidManifest.xml:20:13-46
34            android:excludeFromRecents="true"
34-->src/main/AndroidManifest.xml:21:13-46
35            android:launchMode="singleInstance"
35-->src/main/AndroidManifest.xml:22:13-48
36            android:screenOrientation="portrait" >
36-->src/main/AndroidManifest.xml:23:13-49
37            <intent-filter>
37-->src/main/AndroidManifest.xml:24:13-27:29
38                <action android:name="android.intent.action.MAIN" />
38-->src/main/AndroidManifest.xml:25:17-69
38-->src/main/AndroidManifest.xml:25:25-66
39
40                <category android:name="android.intent.category.LAUNCHER" />
40-->src/main/AndroidManifest.xml:26:17-77
40-->src/main/AndroidManifest.xml:26:27-74
41            </intent-filter>
42        </activity>
43
44        <service android:name="com.lenta.shared.platform.high_priority.MainService" />
44-->src/main/AndroidManifest.xml:30:9-87
44-->src/main/AndroidManifest.xml:30:18-84
45
46        <provider
46-->[androidx.lifecycle:lifecycle-process:2.1.0-rc01] AndroidManifest.xml:23:9-27:43
47            android:name="androidx.lifecycle.ProcessLifecycleOwnerInitializer"
47-->[androidx.lifecycle:lifecycle-process:2.1.0-rc01] AndroidManifest.xml:24:13-79
48            android:authorities="com.lenta.movement.lifecycle-process"
48-->[androidx.lifecycle:lifecycle-process:2.1.0-rc01] AndroidManifest.xml:25:13-69
49            android:exported="false"
49-->[androidx.lifecycle:lifecycle-process:2.1.0-rc01] AndroidManifest.xml:26:13-37
50            android:multiprocess="true" />
50-->[androidx.lifecycle:lifecycle-process:2.1.0-rc01] AndroidManifest.xml:27:13-40
51    </application>
52
53</manifest>